[2026-03-17T04:42:49.555Z] [INFO] 
╔════════════════════════════════════════╗
║  🚀 Chatbot Backend Server Running     ║
║  📍 Port: 5000                        ║
║  🔗 http://localhost:5000              ║
║  🔐 Environment: development     ║
║  📝 API Docs: /api                      ║
╚════════════════════════════════════════╝
      
[2026-03-17T04:45:16.355Z] [INFO] 📨 GET /api/chat/conversations
[2026-03-17T04:45:16.719Z] [INFO] 📨 GET /api/chat/conversations
[2026-03-17T04:45:31.918Z] [INFO] 📨 GET /api/chat/conversations/eae32f5d-693a-4004-b3f4-cc2cbcd227a1
[2026-03-17T04:46:04.831Z] [INFO] 📨 POST /api/chat/save
[2026-03-17T04:46:05.164Z] [INFO] 💬 Chat saved for user 3 (ID: 21)
[2026-03-17T04:46:05.581Z] [INFO] 📨 GET /api/chat/conversations
[2026-03-17T04:54:12.742Z] [INFO] 📨 GET /api/chat/conversations
[2026-03-17T04:54:13.691Z] [INFO] 📨 GET /api/chat/conversations/eae32f5d-693a-4004-b3f4-cc2cbcd227a1
[2026-03-17T04:54:38.341Z] [INFO] 📨 POST /api/chat/save
[2026-03-17T04:54:38.354Z] [INFO] 💬 Chat saved for user 3 (ID: 22)
[2026-03-17T04:54:38.498Z] [INFO] 📨 GET /api/chat/conversations
[2026-03-17T04:58:57.230Z] [INFO] 📨 GET /api/chat/conversations
[2026-03-17T04:59:01.136Z] [INFO] 📨 GET /api/chat/conversations/eae32f5d-693a-4004-b3f4-cc2cbcd227a1
[2026-03-17T05:34:46.480Z] [INFO] 📨 GET /api/chat/conversations
[2026-03-17T05:34:46.625Z] [INFO] 📨 GET /api/chat/conversations
[2026-03-17T05:36:25.851Z] [INFO] 📨 GET /api/chat/conversations/eae32f5d-693a-4004-b3f4-cc2cbcd227a1
[2026-03-17T05:39:24.235Z] [INFO] 📨 GET /api/chat/conversations
[2026-03-17T05:39:26.550Z] [INFO] 📨 GET /api/chat/conversations/eae32f5d-693a-4004-b3f4-cc2cbcd227a1
[2026-03-17T05:40:19.126Z] [INFO] 📨 POST /api/chat/save
[2026-03-17T05:40:19.252Z] [INFO] 💬 Chat saved for user 3 (ID: 23)
[2026-03-17T05:40:20.765Z] [INFO] 📨 GET /api/chat/conversations
[2026-03-17T05:46:16.036Z] [INFO] 📨 GET /api/chat/conversations
[2026-03-17T05:46:16.082Z] [INFO] 📨 GET /api/chat/conversations
[2026-03-17T05:46:52.327Z] [INFO] 📨 GET /api/chat/conversations/eae32f5d-693a-4004-b3f4-cc2cbcd227a1
[2026-03-17T05:47:14.632Z] [INFO] 📨 POST /api/chat/save
[2026-03-17T05:47:14.658Z] [INFO] 💬 Chat saved for user 3 (ID: 24)
[2026-03-17T05:47:14.886Z] [INFO] 📨 GET /api/chat/conversations
[2026-03-17T05:52:37.392Z] [INFO] 📨 GET /api/chat/conversations
[2026-03-17T05:52:38.250Z] [INFO] 📨 GET /api/chat/conversations/eae32f5d-693a-4004-b3f4-cc2cbcd227a1
[2026-03-17T05:56:11.603Z] [INFO] 📨 GET /api/chat/conversations
[2026-03-17T05:56:11.693Z] [INFO] 📨 GET /api/chat/conversations
[2026-03-17T05:56:12.775Z] [INFO] 📨 GET /api/chat/conversations/eae32f5d-693a-4004-b3f4-cc2cbcd227a1
[2026-03-17T05:56:20.706Z] [INFO] 📨 GET /api/chat/conversations/eae32f5d-693a-4004-b3f4-cc2cbcd227a1
[2026-03-17T05:56:39.339Z] [INFO] 📨 POST /api/chat/save
[2026-03-17T05:56:39.381Z] [INFO] 💬 Chat saved for user 3 (ID: 25)
[2026-03-17T05:56:39.724Z] [INFO] 📨 GET /api/chat/conversations
[2026-03-17T05:57:02.554Z] [INFO] 📨 POST /api/chat/save
[2026-03-17T05:57:02.565Z] [INFO] 💬 Chat saved for user 3 (ID: 26)
[2026-03-17T05:57:02.848Z] [INFO] 📨 GET /api/chat/conversations
[2026-03-17T06:12:59.140Z] [INFO] 📨 GET /api/chat/conversations
[2026-03-17T06:13:01.283Z] [INFO] 📨 GET /api/chat/conversations/eae32f5d-693a-4004-b3f4-cc2cbcd227a1
[2026-03-17T06:15:05.399Z] [INFO] 📨 DELETE /api/chat/conversations/eae32f5d-693a-4004-b3f4-cc2cbcd227a1
[2026-03-17T06:15:15.450Z] [INFO] 📨 POST /api/chat/save
[2026-03-17T06:15:15.469Z] [INFO] 💬 Chat saved for user 3 (ID: 27)
[2026-03-17T06:15:15.608Z] [INFO] 📨 GET /api/chat/conversations
[2026-03-17T06:15:25.021Z] [INFO] 📨 DELETE /api/chat/conversations/766ba881-e696-4389-be87-9f76c737fd59
[2026-03-17T06:48:46.980Z] [INFO] 📨 GET /api/chat/conversations
[2026-03-17T06:48:54.669Z] [INFO] 📨 POST /api/chat/save
[2026-03-17T06:48:54.703Z] [INFO] 💬 Chat saved for user 3 (ID: 28)
[2026-03-17T06:48:54.819Z] [INFO] 📨 GET /api/chat/conversations
[2026-03-17T07:20:07.381Z] [INFO] 📨 GET /api/chat/conversations
[2026-03-17T07:20:07.586Z] [INFO] 📨 GET /api/chat/conversations
[2026-03-17T07:20:08.807Z] [INFO] 📨 GET /api/chat/conversations/379f5084-e745-4b64-9741-65c658baa543
[2026-03-17T07:20:32.739Z] [INFO] 📨 POST /api/chat/save
[2026-03-17T07:20:32.815Z] [INFO] 💬 Chat saved for user 3 (ID: 29)
[2026-03-17T07:20:32.905Z] [INFO] 📨 GET /api/chat/conversations
[2026-03-17T07:21:19.080Z] [INFO] 📨 POST /api/chat/save
[2026-03-17T07:21:19.098Z] [INFO] 💬 Chat saved for user 3 (ID: 30)
[2026-03-17T07:21:19.252Z] [INFO] 📨 GET /api/chat/conversations
[2026-03-17T07:26:47.923Z] [INFO] 📨 POST /api/chat/save
[2026-03-17T07:26:47.955Z] [INFO] 💬 Chat saved for user 3 (ID: 31)
[2026-03-17T07:26:48.090Z] [INFO] 📨 GET /api/chat/conversations
[2026-03-17T11:12:58.050Z] [INFO] 📨 GET /api/chat/conversations
[2026-03-17T11:12:59.344Z] [INFO] 📨 GET /api/chat/conversations/379f5084-e745-4b64-9741-65c658baa543
[2026-03-17T11:13:35.084Z] [INFO] 📨 POST /api/chat/save
[2026-03-17T11:13:35.109Z] [INFO] 💬 Chat saved for user 3 (ID: 32)
[2026-03-17T11:13:35.210Z] [INFO] 📨 GET /api/chat/conversations
[2026-03-17T11:19:02.246Z] [INFO] 📨 GET /api/chat/conversations
[2026-03-17T11:19:03.034Z] [INFO] 📨 GET /api/chat/conversations/379f5084-e745-4b64-9741-65c658baa543
[2026-03-17T11:21:49.553Z] [INFO] 📨 GET /api/chat/conversations
[2026-03-17T11:22:11.493Z] [INFO] 📨 GET /api/chat/conversations/379f5084-e745-4b64-9741-65c658baa543
[2026-03-17T11:22:34.355Z] [INFO] 📨 POST /api/chat/save
[2026-03-17T11:22:34.375Z] [INFO] 💬 Chat saved for user 3 (ID: 33)
[2026-03-17T11:22:34.516Z] [INFO] 📨 GET /api/chat/conversations
[2026-03-17T11:26:19.911Z] [INFO] 📨 GET /api/chat/conversations
[2026-03-17T11:26:40.991Z] [INFO] 📨 GET /api/chat/conversations/379f5084-e745-4b64-9741-65c658baa543
[2026-03-17T11:27:30.478Z] [INFO] 📨 GET /api/chat/conversations
[2026-03-17T11:27:31.353Z] [INFO] 📨 GET /api/chat/conversations/379f5084-e745-4b64-9741-65c658baa543
[2026-03-17T11:27:41.891Z] [INFO] 📨 POST /api/chat/save
[2026-03-17T11:27:41.911Z] [INFO] 💬 Chat saved for user 3 (ID: 34)
[2026-03-17T11:27:42.064Z] [INFO] 📨 GET /api/chat/conversations
[2026-03-17T11:41:24.699Z] [INFO] 📨 GET /api/chat/conversations
[2026-03-17T11:41:24.755Z] [INFO] 📨 GET /api/chat/conversations
[2026-03-17T11:41:48.139Z] [INFO] 📨 DELETE /api/chat/conversations/379f5084-e745-4b64-9741-65c658baa543
[2026-03-17T11:41:57.750Z] [INFO] 📨 POST /api/chat/save
[2026-03-17T11:41:57.779Z] [INFO] 💬 Chat saved for user 3 (ID: 35)
[2026-03-17T11:41:57.827Z] [INFO] 📨 GET /api/chat/conversations
[2026-03-17T11:42:00.215Z] [INFO] 📨 POST /api/chat/save
[2026-03-17T11:42:00.231Z] [INFO] 💬 Chat saved for user 3 (ID: 36)
[2026-03-17T11:42:00.276Z] [INFO] 📨 GET /api/chat/conversations
[2026-03-17T11:42:02.706Z] [INFO] 📨 POST /api/chat/save
[2026-03-17T11:42:02.723Z] [INFO] 💬 Chat saved for user 3 (ID: 37)
[2026-03-17T11:42:02.773Z] [INFO] 📨 GET /api/chat/conversations
[2026-03-17T11:42:05.071Z] [INFO] 📨 POST /api/chat/save
[2026-03-17T11:42:05.086Z] [INFO] 💬 Chat saved for user 3 (ID: 38)
[2026-03-17T11:42:05.140Z] [INFO] 📨 GET /api/chat/conversations
[2026-03-17T11:42:07.739Z] [INFO] 📨 POST /api/chat/save
[2026-03-17T11:42:07.757Z] [INFO] 💬 Chat saved for user 3 (ID: 39)
[2026-03-17T11:42:07.813Z] [INFO] 📨 GET /api/chat/conversations
[2026-03-17T11:42:16.617Z] [INFO] 📨 POST /api/chat/save
[2026-03-17T11:42:16.630Z] [INFO] 💬 Chat saved for user 3 (ID: 40)
[2026-03-17T11:42:16.685Z] [INFO] 📨 GET /api/chat/conversations
[2026-03-17T11:42:29.429Z] [INFO] 📨 POST /api/chat/save
[2026-03-17T11:42:29.451Z] [INFO] 💬 Chat saved for user 3 (ID: 41)
[2026-03-17T11:42:29.506Z] [INFO] 📨 GET /api/chat/conversations
[2026-03-17T11:42:42.387Z] [INFO] 📨 POST /api/chat/save
[2026-03-17T11:42:42.403Z] [INFO] 💬 Chat saved for user 3 (ID: 42)
[2026-03-17T11:42:42.466Z] [INFO] 📨 GET /api/chat/conversations
[2026-03-17T11:50:23.713Z] [INFO] 📨 GET /api/chat/conversations
[2026-03-17T11:50:30.236Z] [INFO] 📨 GET /api/chat/conversations/0e6a598a-2311-43f4-be23-6972282e85e3
[2026-03-17T11:55:41.630Z] [INFO] 📨 GET /api/chat/conversations
[2026-03-17T11:55:42.966Z] [INFO] 📨 GET /api/chat/conversations/0e6a598a-2311-43f4-be23-6972282e85e3
[2026-03-17T12:15:34.284Z] [INFO] 📨 GET /api/chat/conversations
[2026-03-17T12:50:06.906Z] [INFO] 📨 GET /api/chat/conversations
[2026-03-17T12:52:26.237Z] [INFO] 📨 DELETE /api/chat/conversations/0e6a598a-2311-43f4-be23-6972282e85e3
[2026-03-17T13:00:17.038Z] [INFO] 📨 GET /api/chat/conversations
[2026-03-17T13:02:03.592Z] [INFO] 📨 POST /api/chat/save
[2026-03-17T13:02:03.612Z] [INFO] 💬 Chat saved for user 3 (ID: 43)
[2026-03-17T13:02:03.655Z] [INFO] 📨 GET /api/chat/conversations
[2026-03-17T13:02:07.818Z] [INFO] 📨 POST /api/chat/save
[2026-03-17T13:02:07.830Z] [INFO] 💬 Chat saved for user 3 (ID: 44)
[2026-03-17T13:02:07.931Z] [INFO] 📨 GET /api/chat/conversations
[2026-03-17T13:02:47.793Z] [INFO] 📨 POST /api/chat/save
[2026-03-17T13:02:47.868Z] [INFO] 💬 Chat saved for user 3 (ID: 45)
[2026-03-17T13:02:48.322Z] [INFO] 📨 GET /api/chat/conversations
[2026-03-17T13:03:15.126Z] [INFO] 📨 GET /api/chat/conversations
[2026-03-17T13:03:17.263Z] [INFO] 📨 GET /api/chat/conversations/4031c679-e758-4d3e-92b1-a56af5f1642e
[2026-03-17T13:06:54.680Z] [INFO] 📨 GET /api/chat/conversations
[2026-03-17T13:07:30.393Z] [INFO] 📨 DELETE /api/chat/conversations/4031c679-e758-4d3e-92b1-a56af5f1642e
[2026-03-17T13:15:02.966Z] [INFO] 📨 POST /api/chat/save
[2026-03-17T13:15:03.012Z] [INFO] 💬 Chat saved for user 3 (ID: 46)
[2026-03-17T13:15:03.135Z] [INFO] 📨 GET /api/chat/conversations
[2026-03-17T13:41:40.729Z] [INFO] 📨 POST /api/chat/save
[2026-03-17T13:41:40.764Z] [INFO] 💬 Chat saved for user 3 (ID: 47)
[2026-03-17T13:41:40.867Z] [INFO] 📨 GET /api/chat/conversations
[2026-03-17T14:19:56.302Z] [INFO] 📨 GET /api/chat/conversations
[2026-03-17T14:19:59.411Z] [INFO] 📨 DELETE /api/chat/conversations/37bf97c2-fe00-4e2e-a0b5-4cd5fc947756
[2026-03-17T14:20:05.660Z] [INFO] 📨 POST /api/chat/save
[2026-03-17T14:20:05.707Z] [INFO] 💬 Chat saved for user 3 (ID: 48)
[2026-03-17T14:20:05.781Z] [INFO] 📨 GET /api/chat/conversations
[2026-03-17T14:26:34.773Z] [INFO] 📨 GET /api/chat/conversations
[2026-03-17T14:27:01.738Z] [INFO] 📨 POST /api/chat/save
[2026-03-17T14:27:01.756Z] [INFO] 💬 Chat saved for user 3 (ID: 49)
[2026-03-17T14:27:01.905Z] [INFO] 📨 GET /api/chat/conversations
